{
  "0 debug pnpm:scope": {
    "selected": 1
  },
  "1 debug pnpm:package-manifest": {
    "initial": {
      "name": "my-tool",
      "version": "0.0.0",
      "scripts": {
        "dev": "vite",
        "build": "vue-tsc --noEmit && vite build",
        "serve": "vite preview"
      },
      "dependencies": {
        "@heroicons/vue": "^1.0.5",
        "@tailwindcss/forms": "^0.4.0",
        "@tailwindcss/typography": "0.5.0",
        "@types/lodash": "^4.14.178",
        "copy-to-clipboard": "^3.3.1",
        "lodash": "^4.17.21",
        "uuid": "^8.3.2",
        "vue": "^3.2.26",
        "vue-router": "^4.0.12",
        "vue-tsc": "^0.29.8"
      },
      "devDependencies": {
        "@types/node": "^17.0.1",
        "@types/uuid": "^17.0.1",
        "@vitejs/plugin-vue": "^2.0.1",
        "autoprefixer": "^10.4.0",
        "postcss": "^8.4.5",
        "tailwindcss": "^3.0.7",
        "typescript": "^4.5.4",
        "vite": "^2.7.3",
        "vite-plugin-pwa": "^0.11.12"
      }
    },
    "prefix": "C:\\Work\\Study\\my-tool"
  },
  "2 debug pnpm:context": {
    "currentLockfileExists": false,
    "storeDir": "C:\\Users\\molingran\\.pnpm-store\\v3",
    "virtualStoreDir": "C:\\Work\\Study\\my-tool\\node_modules\\.pnpm"
  },
  "3 debug pnpm:stage": {
    "prefix": "C:\\Work\\Study\\my-tool",
    "stage": "resolution_started"
  },
  "4 debug pnpm:_dependency_resolved": {
    "resolution": "registry.npmmirror.com/autoprefixer/10.4.0",
    "wanted": {
      "dependentId": ".",
      "name": "autoprefixer",
      "rawSpec": "^10.4.0"
    }
  },
  "5 debug pnpm:_dependency_resolved": {
    "resolution": "registry.npmmirror.com/vite-plugin-pwa/0.11.12",
    "wanted": {
      "dependentId": ".",
      "name": "vite-plugin-pwa",
      "rawSpec": "^0.11.12"
    }
  },
  "6 debug pnpm:_dependency_resolved": {
    "resolution": "registry.npmmirror.com/@heroicons/vue/1.0.5",
    "wanted": {
      "dependentId": ".",
      "name": "@heroicons/vue",
      "rawSpec": "^1.0.5"
    }
  },
  "7 debug pnpm:_dependency_resolved": {
    "resolution": "registry.nlark.com/copy-to-clipboard/3.3.1",
    "wanted": {
      "dependentId": ".",
      "name": "copy-to-clipboard",
      "rawSpec": "^3.3.1"
    }
  },
  "8 debug pnpm:_dependency_resolved": {
    "resolution": "registry.nlark.com/lodash/4.17.21",
    "wanted": {
      "dependentId": ".",
      "name": "lodash",
      "rawSpec": "^4.17.21"
    }
  },
  "9 debug pnpm:_dependency_resolved": {
    "resolution": "registry.npmmirror.com/uuid/8.3.2",
    "wanted": {
      "dependentId": ".",
      "name": "uuid",
      "rawSpec": "^8.3.2"
    }
  },
  "10 debug pnpm:_dependency_resolved": {
    "resolution": "registry.npmmirror.com/vue-router/4.0.12",
    "wanted": {
      "dependentId": ".",
      "name": "vue-router",
      "rawSpec": "^4.0.12"
    }
  },
  "11 debug pnpm:_dependency_resolved": {
    "resolution": "registry.npmmirror.com/@tailwindcss/typography/0.5.0",
    "wanted": {
      "dependentId": ".",
      "name": "@tailwindcss/typography",
      "rawSpec": "0.5.0"
    }
  },
  "12 debug pnpm:progress": {
    "packageId": "registry.npmmirror.com/@tailwindcss/typography/0.5.0",
    "requester": "C:\\Work\\Study\\my-tool",
    "status": "resolved"
  },
  "13 debug pnpm:progress": {
    "packageId": "registry.npmmirror.com/vite-plugin-pwa/0.11.12",
    "requester": "C:\\Work\\Study\\my-tool",
    "status": "resolved"
  },
  "14 debug pnpm:progress": {
    "packageId": "registry.npmmirror.com/vite-plugin-pwa/0.11.12",
    "requester": "C:\\Work\\Study\\my-tool",
    "status": "found_in_store"
  },
  "15 debug pnpm:progress": {
    "packageId": "registry.nlark.com/copy-to-clipboard/3.3.1",
    "requester": "C:\\Work\\Study\\my-tool",
    "status": "resolved"
  },
  "16 debug pnpm:progress": {
    "packageId": "registry.nlark.com/copy-to-clipboard/3.3.1",
    "requester": "C:\\Work\\Study\\my-tool",
    "status": "found_in_store"
  },
  "17 debug pnpm:progress": {
    "packageId": "registry.npmmirror.com/@heroicons/vue/1.0.5",
    "requester": "C:\\Work\\Study\\my-tool",
    "status": "resolved"
  },
  "18 debug pnpm:progress": {
    "packageId": "registry.npmmirror.com/@heroicons/vue/1.0.5",
    "requester": "C:\\Work\\Study\\my-tool",
    "status": "found_in_store"
  },
  "19 debug pnpm:progress": {
    "packageId": "registry.npmmirror.com/vue-router/4.0.12",
    "requester": "C:\\Work\\Study\\my-tool",
    "status": "resolved"
  },
  "20 debug pnpm:progress": {
    "packageId": "registry.npmmirror.com/vue-router/4.0.12",
    "requester": "C:\\Work\\Study\\my-tool",
    "status": "found_in_store"
  },
  "21 debug pnpm:progress": {
    "packageId": "registry.npmmirror.com/uuid/8.3.2",
    "requester": "C:\\Work\\Study\\my-tool",
    "status": "resolved"
  },
  "22 debug pnpm:progress": {
    "packageId": "registry.npmmirror.com/uuid/8.3.2",
    "requester": "C:\\Work\\Study\\my-tool",
    "status": "found_in_store"
  },
  "23 debug pnpm:progress": {
    "packageId": "registry.npmmirror.com/autoprefixer/10.4.0",
    "requester": "C:\\Work\\Study\\my-tool",
    "status": "resolved"
  },
  "24 debug pnpm:progress": {
    "packageId": "registry.npmmirror.com/autoprefixer/10.4.0",
    "requester": "C:\\Work\\Study\\my-tool",
    "status": "found_in_store"
  },
  "25 debug pnpm:progress": {
    "packageId": "registry.nlark.com/lodash/4.17.21",
    "requester": "C:\\Work\\Study\\my-tool",
    "status": "resolved"
  },
  "26 debug pnpm:progress": {
    "packageId": "registry.nlark.com/lodash/4.17.21",
    "requester": "C:\\Work\\Study\\my-tool",
    "status": "found_in_store"
  },
  "27 debug pnpm:_dependency_resolved": {
    "resolution": "registry.npmmirror.com/@vitejs/plugin-vue/2.0.1",
    "wanted": {
      "dependentId": ".",
      "name": "@vitejs/plugin-vue",
      "rawSpec": "^2.0.1"
    }
  },
  "28 debug pnpm:progress": {
    "packageId": "registry.npmmirror.com/@vitejs/plugin-vue/2.0.1",
    "requester": "C:\\Work\\Study\\my-tool",
    "status": "resolved"
  },
  "29 error pnpm": {
    "code": "ERR_PNPM_NO_MATCHING_VERSION",
    "packageMeta": {
      "name": "@types/uuid",
      "modified": "2021-11-18T21:30:08.000Z",
      "dist-tags": {
        "latest": "8.3.3",
        "ts2.0": "2.0.29",
        "ts2.1": "2.0.29",
        "ts2.2": "3.4.6",
        "ts2.3": "3.4.6",
        "ts2.4": "3.4.6",
        "ts2.5": "3.4.6",
        "ts2.6": "3.4.6",
        "ts2.7": "3.4.6",
        "ts2.8": "7.0.3",
        "ts2.9": "7.0.3",
        "ts3.0": "8.3.0",
        "ts3.1": "8.3.0",
        "ts3.2": "8.3.0",
        "ts3.3": "8.3.0",
        "ts3.4": "8.3.0",
        "ts3.5": "8.3.0",
        "ts3.6": "8.3.1",
        "ts3.7": "8.3.3",
        "ts3.8": "8.3.3",
        "ts3.9": "8.3.3",
        "ts4.0": "8.3.3",
        "ts4.1": "8.3.3",
        "ts4.2": "8.3.3",
        "ts4.3": "8.3.3",
        "ts4.4": "8.3.3",
        "ts4.5": "8.3.3",
        "ts4.6": "8.3.3"
      },
      "versions": {
        "8.3.3": {
          "name": "@types/uuid",
          "version": "8.3.3",
          "dist": {
            "integrity": "sha512-0LbEEx1zxrYB3pgpd1M5lEhLcXjKJnYghvhTRgaBeUivLHMDM1TzF3IJ6hXU2+8uA4Xz+5BA63mtZo5DjVT8iA==",
            "shasum": "c6a60686d953dbd1b1d45e66f4ecdbd5d471b4d0",
            "tarball": "https://registry.npmmirror.com/@types/uuid/download/@types/uuid-8.3.3.tgz",
            "fileCount": 5,
            "unpackedSize": 6627,
            "npm-signature": "-----BEGIN PGP SIGNATURE-----\r\nVersion: OpenPGP.js v3.0.13\r\nComment: https://openpgpjs.org\r\n\r\nwsFcBAEBCAAQBQJhlXS6CRA9TVsSAnZWagAA/X0P/1mCTkrkYcme3iTOA1LO\no63bCoVhy30qTtbgVKgtatQjwkzcM0eLUzZTvX5xN+LoFN22Z89abDsTBjSf\nFCqMMBu6oucWLAYV2hVrqMvC7Cg7mfYNkm56khz5wwlWnnqK041Biamak4ZG\nUx8wSHdkyXdrYubBkXVfzD3bYiHAmiJ72mt4pXkxbg3w/HOIq5k3JW31WtyF\ntpxJ+M2c6/Y3U+YJNC1+KQXsyUNGBWZl8b8NgRt97VNYzTz2kM+dnYeCaxb9\nZc2oEuaV0xSpc3gZ4AqLlji8owFlpOLDkF6Aao05ptTpIKGimOoIJciCuSvq\nHW9SZwITDQh3pgKG032ys81ysaccdGeW12aK6mWXsBW3oJaxSaFUkBK/J8nx\ngCFmwLzDDXWtoln+jVu5i6z1LHH+zMzdTdLkn7j2ndKeHI64vqLmTmYn42+V\nFHkfzktFNrD8Ixi3JvX8PolmaYmp/bBnFRaGdwwBIGrN51xG2FuApMxHpxTX\nnvOtqWJrxrX/2FFp5pZ4WMM21I0X9Cy1iZlCzqR6AUW3aMOgvlK+j81AFXd5\nw3YCHgippgQ0u+9aODnFPWxO1KGTpl+p8+/5yl0p3zDXk0sLcrhOGx+Y3m4A\nklqltkPlmGCRvLH6Ygc0De4AE6AWC0q0rKGzXcrbRxcZVeYdngomVz2e+q1n\nSIUo\r\n=ACKo\r\n-----END PGP SIGNATURE-----\r\n",
            "size": 2402
          },
          "publish_time": 1637184698968
        },
        "8.3.2": {
          "name": "@types/uuid",
          "version": "8.3.2",
          "dist": {
            "integrity": "sha512-u40ViizKDmdl5FhOXn9WQbulpigYCaiD5hD4KqR3xyQww6l3+0ND+A9TeFla8tFpqvR+UAkJdYb/8jdaQG4/nw==",
            "shasum": "b7077bdfc866dbb39939029774806f24e95be791",
            "tarball": "https://registry.npmmirror.com/@types/uuid/download/@types/uuid-8.3.2.tgz",
            "fileCount": 5,
            "unpackedSize": 6627,
            "npm-signature": "-----BEGIN PGP SIGNATURE-----\r\nVersion: OpenPGP.js v3.0.13\r\nComment: https://openpgpjs.org\r\n\r\nwsFcBAEBCAAQBQJhlW3nCRA9TVsSAnZWagAAYhoP/05Vq2YVySANunyjN+GJ\nnwrEx2uZq0a/vvCl60Eke0gePvE9G/zHZKdaJetieKMdXzdS290Zr2rtmooS\n9qLf365xccC8t95dIMzGnfKFcwfLj3SDcvdIuOR8oYwSdbByWHz+YUQjmtN+\n8IqotGuNbvnZBvb7+Ir5Lpgw/bazB1gnybALoiyM037oKdfMaYcc9RAkrXFh\nzW+GWpEPWfXYnu7SR0n5nyjzCIlsq5+S9AhlzCHYRwIxB86sf1zzG8pIUxUG\nqaOiK4bkyKCYuPUiIh7aOLT91+vYiOyJ2iMpLUq5lmKWZJwxsBFfHgmfDTBF\nk4ZKGhx/8VkKhjqSnkfuxeYxwVY0OhTITIN+a6hR7uGr98NUUIcS6b1YgGHq\nVTuTXkgBEw2D2jPgCHMO4iZQINye1srB3KMXcBAqzveVg5yOAITUaL3CkqqF\n6Fn+ltKtVOztaZnWAC4Gw6aOf7esd/LjJyM3JQdAJiiUl9W+QKjJjFb9QvJa\nuO+KoKhVAvhKdEk2eWoAyfhjOJj+vmN+2eEiXLmk5Y/HrP0Q2lqCjBBpt7pW\nWMOXsSy0yBV5NfKgElejQjXmfhZGdk9bMEjxvrw5n4KLB+/vsQwnXVb22uWY\nZBlvjHJ4qbvAkLI4l/aILppQWIHBdpCH8NW3YW15rK75aCbt5pHbkU/PS2RB\nacp4\r\n=Plx5\r\n-----END PGP SIGNATURE-----\r\n",
            "size": 2405
          },
          "publish_time": 1637182951623
        },
        "2.0.32": {
          "name": "@types/uuid",
          "version": "2.0.32",
          "dependencies": {
            "@types/node": "*"
          },
          "directories": {},
          "dist": {
            "shasum": "3aea8350cea16a2858aa4ca3eb74b8737c10cf07",
            "size": 1849,
            "noattachment": false,
            "tarball": "https://registry.npmmirror.com/@types/uuid/download/@types/uuid-2.0.32.tgz"
          },
          "_hasShrinkwrap": false,
          "publish_time": 1625249755039
        },
        "3.4.10": {
          "name": "@types/uuid",
          "version": "3.4.10",
          "dependencies": {},
          "directories": {},
          "dist": {
            "shasum": "637d3c8431f112edf6728ac9bdfadfe029540f48",
            "size": 2329,
            "noattachment": false,
            "tarball": "https://registry.npmmirror.com/@types/uuid/download/@types/uuid-3.4.10.tgz"
          },
          "_hasShrinkwrap": false,
          "publish_time": 1625249749279
        },
        "7.0.5": {
          "name": "@types/uuid",
          "version": "7.0.5",
          "dependencies": {},
          "directories": {},
          "dist": {
            "shasum": "b1d2f772142a301538fae9bdf9cf15b9f2573a29",
            "size": 2431,
            "noattachment": false,
            "tarball": "https://registry.npmmirror.com/@types/uuid/download/@types/uuid-7.0.5.tgz"
          },
          "_hasShrinkwrap": false,
          "publish_time": 1625249743088
        },
        "8.3.1": {
          "name": "@types/uuid",
          "version": "8.3.1",
          "dependencies": {},
          "directories": {},
          "dist": {
            "shasum": "1a32969cf8f0364b3d8c8af9cc3555b7805df14f",
            "size": 2235,
            "noattachment": false,
            "tarball": "https://registry.npmmirror.com/@types/uuid/download/@types/uuid-8.3.1.tgz"
          },
          "_hasShrinkwrap": false,
          "publish_time": 1625249727034
        },
        "8.3.0": {
          "name": "@types/uuid",
          "version": "8.3.0",
          "dependencies": {},
          "directories": {},
          "dist": {
            "shasum": "215c231dff736d5ba92410e6d602050cce7e273f",
            "size": 2212,
            "noattachment": false,
            "tarball": "https://registry.npmmirror.com/@types/uuid/download/@types/uuid-8.3.0.tgz"
          },
          "_hasShrinkwrap": false,
          "publish_time": 1597212880555
        },
        "8.0.1": {
          "name": "@types/uuid",
          "version": "8.0.1",
          "dependencies": {},
          "directories": {},
          "dist": {
            "shasum": "42958a1a880640b139eea97a1640e1a3f61016d2",
            "size": 2194,
            "noattachment": false,
            "tarball": "https://registry.npmmirror.com/@types/uuid/download/@types/uuid-8.0.1.tgz"
          },
          "_hasShrinkwrap": false,
          "publish_time": 1596599410114
        },
        "7.0.4": {
          "name": "@types/uuid",
          "version": "7.0.4",
          "dependencies": {},
          "directories": {},
          "dist": {
            "shasum": "00a5749810b4ad80bff73a61f9cc9d0d521feb3c",
            "size": 2394,
            "noattachment": false,
            "tarball": "https://registry.npmmirror.com/@types/uuid/download/@types/uuid-7.0.4.tgz"
          },
          "_hasShrinkwrap": false,
          "publish_time": 1589912320646
        },
        "8.0.0": {
          "name": "@types/uuid",
          "version": "8.0.0",
          "dependencies": {},
          "directories": {},
          "dist": {
            "shasum": "165aae4819ad2174a17476dbe66feebd549556c0",
            "size": 2164,
            "noattachment": false,
            "tarball": "https://registry.npmmirror.com/@types/uuid/download/@types/uuid-8.0.0.tgz"
          },
          "_hasShrinkwrap": false,
          "publish_time": 1589912301139
        },
        "2.0.31": {
          "name": "@types/uuid",
          "version": "2.0.31",
          "dependencies": {
            "@types/node": "*"
          },
          "directories": {},
          "dist": {
            "shasum": "419ed61952c4f3e7be111897619c9ac486c7c7f9",
            "size": 1783,
            "noattachment": false,
            "tarball": "https://registry.npmmirror.com/@types/uuid/download/@types/uuid-2.0.31.tgz"
          },
          "_hasShrinkwrap": false,
          "publish_time": 1589550776412
        },
        "3.4.9": {
          "name": "@types/uuid",
          "version": "3.4.9",
          "dependencies": {},
          "directories": {},
          "dist": {
            "shasum": "fcf01997bbc9f7c09ae5f91383af076d466594e1",
            "size": 2310,
            "noattachment": false,
            "tarball": "https://registry.npmmirror.com/@types/uuid/download/@types/uuid-3.4.9.tgz"
          },
          "_hasShrinkwrap": false,
          "publish_time": 1587664831944
        },
        "7.0.3": {
          "name": "@types/uuid",
          "version": "7.0.3",
          "dependencies": {},
          "directories": {},
          "dist": {
            "shasum": "45cd03e98e758f8581c79c535afbd4fc27ba7ac8",
            "size": 2381,
            "noattachment": false,
            "tarball": "https://registry.npmmirror.com/@types/uuid/download/@types/uuid-7.0.3.tgz"
          },
          "_hasShrinkwrap": false,
          "publish_time": 1587664810185
        },
        "7.0.2": {
          "name": "@types/uuid",
          "version": "7.0.2",
          "dependencies": {},
          "directories": {},
          "dist": {
            "shasum": "d680a9c596ef84abf5c4c07a32ffd66d582526f8",
            "size": 2438,
            "noattachment": false,
            "tarball": "https://registry.npmmirror.com/@types/uuid/download/@types/uuid-7.0.2.tgz"
          },
          "_hasShrinkwrap": false,
          "publish_time": 1584471030689
        },
        "7.0.1": {
          "name": "@types/uuid",
          "version": "7.0.1",
          "dependencies": {},
          "directories": {},
          "dist": {
            "shasum": "6c7290f24c06dada2d3939bb16d65415588bafc8",
            "size": 2456,
            "noattachment": false,
            "tarball": "https://registry.npmmirror.com/@types/uuid/download/@types/uuid-7.0.1.tgz"
          },
          "_hasShrinkwrap": false,
          "publish_time": 1584463253767
        },
        "3.4.8": {
          "name": "@types/uuid",
          "version": "3.4.8",
          "dependencies": {},
          "directories": {},
          "dist": {
            "shasum": "4ba887fcef88bd9a7515ca2de336d691e3e18318",
            "size": 2359,
            "noattachment": false,
            "tarball": "https://registry.npmmirror.com/@types/uuid/download/@types/uuid-3.4.8.tgz"
          },
          "_hasShrinkwrap": false,
          "publish_time": 1582656874291
        },
        "7.0.0": {
          "name": "@types/uuid",
          "version": "7.0.0",
          "dependencies": {},
          "directories": {},
          "dist": {
            "shasum": "9f6993ccc8210efa90bda7e1afabbb06a9f860cd",
            "size": 2249,
            "noattachment": false,
            "tarball": "https://registry.npmmirror.com/@types/uuid/download/@types/uuid-7.0.0.tgz"
          },
          "_hasShrinkwrap": false,
          "publish_time": 1582656855828
        },
        "3.4.7": {
          "name": "@types/uuid",
          "version": "3.4.7",
          "dependencies": {},
          "directories": {},
          "dist": {
            "shasum": "51d42247473bc00e38cc8dfaf70d936842a36c03",
            "size": 2349,
            "noattachment": false,
            "tarball": "https://registry.npmmirror.com/@types/uuid/download/@types/uuid-3.4.7.tgz"
          },
          "_hasShrinkwrap": false,
          "publish_time": 1580242372425
        },
        "3.4.6": {
          "name": "@types/uuid",
          "version": "3.4.6",
          "dependencies": {
            "@types/node": "*"
          },
          "directories": {},
          "dist": {
            "shasum": "d2c4c48eb85a757bf2927f75f939942d521e3016",
            "size": 2313,
            "noattachment": false,
            "tarball": "https://registry.npmmirror.com/@types/uuid/download/@types/uuid-3.4.6.tgz"
          },
          "_hasShrinkwrap": false,
          "publish_time": 1572455783953
        },
        "3.4.5": {
          "name": "@types/uuid",
          "version": "3.4.5",
          "dependencies": {
            "@types/node": "*"
          },
          "directories": {},
          "dist": {
            "shasum": "d4dc10785b497a1474eae0ba7f0cb09c0ddfd6eb",
            "size": 2259,
            "noattachment": false,
            "tarball": "https://registry.npmmirror.com/@types/uuid/download/@types/uuid-3.4.5.tgz"
          },
          "_hasShrinkwrap": false,
          "publish_time": 1562010617161
        },
        "3.4.4": {
          "name": "@types/uuid",
          "version": "3.4.4",
          "dependencies": {
            "@types/node": "*"
          },
          "directories": {},
          "dist": {
            "shasum": "7af69360fa65ef0decb41fd150bf4ca5c0cefdf5",
            "size": 2254,
            "noattachment": false,
            "tarball": "https://registry.npmmirror.com/@types/uuid/download/@types/uuid-3.4.4.tgz"
          },
          "_hasShrinkwrap": false,
          "publish_time": 1535588065422
        },
        "3.4.3": {
          "name": "@types/uuid",
          "version": "3.4.3",
          "dependencies": {
            "@types/node": "*"
          },
          "directories": {},
          "dist": {
            "shasum": "121ace265f5569ce40f4f6d0ff78a338c732a754",
            "size": 2263,
            "noattachment": false,
            "tarball": "https://registry.npmmirror.com/@types/uuid/download/@types/uuid-3.4.3.tgz"
          },
          "_hasShrinkwrap": false,
          "publish_time": 1508257857334
        },
        "3.4.2": {
          "name": "@types/uuid",
          "version": "3.4.2",
          "dependencies": {
            "@types/node": "*"
          },
          "directories": {},
          "dist": {
            "shasum": "b8cde3c32c273d3fc658b96f810e8ff091e1b723",
            "size": 2252,
            "noattachment": false,
            "tarball": "https://registry.npmmirror.com/@types/uuid/download/@types/uuid-3.4.2.tgz"
          },
          "_hasShrinkwrap": false,
          "publish_time": 1504709748596
        },
        "3.4.1": {
          "name": "@types/uuid",
          "version": "3.4.1",
          "dependencies": {
            "@types/node": "*"
          },
          "directories": {},
          "dist": {
            "shasum": "1b8d5e318ba733f63042b7e58bbf5b8552eaa43f",
            "size": 2179,
            "noattachment": false,
            "tarball": "https://registry.npmmirror.com/@types/uuid/download/@types/uuid-3.4.1.tgz"
          },
          "_hasShrinkwrap": false,
          "publish_time": 1503353156476
        },
        "3.4.0": {
          "name": "@types/uuid",
          "version": "3.4.0",
          "dependencies": {
            "@types/node": "*"
          },
          "peerDependencies": {},
          "directories": {},
          "dist": {
            "shasum": "91639516fbb892ed3737a2bdc1b030d02b4a09c1",
            "size": 2186,
            "noattachment": false,
            "tarball": "https://registry.npmmirror.com/@types/uuid/download/@types/uuid-3.4.0.tgz"
          },
          "_hasShrinkwrap": false,
          "publish_time": 1500310196207
        },
        "2.0.30": {
          "name": "@types/uuid",
          "version": "2.0.30",
          "dependencies": {
            "@types/node": "*"
          },
          "peerDependencies": {},
          "directories": {},
          "dist": {
            "shasum": "4dca12da43ae530f89f46d6d203935d2199652d5",
            "size": 1751,
            "noattachment": false,
            "tarball": "https://registry.npmmirror.com/@types/uuid/download/@types/uuid-2.0.30.tgz"
          },
          "_hasShrinkwrap": false,
          "publish_time": 1496411797278
        },
        "3.0.0": {
          "name": "@types/uuid",
          "version": "3.0.0",
          "dependencies": {
            "@types/node": "*"
          },
          "peerDependencies": {},
          "directories": {},
          "dist": {
            "shasum": "be93b14bcf97f59c079a9e58754960b5efd946c3",
            "size": 1973,
            "noattachment": false,
            "tarball": "https://registry.npmmirror.com/@types/uuid/download/@types/uuid-3.0.0.tgz"
          },
          "_hasShrinkwrap": false,
          "publish_time": 1496411796112
        },
        "3.3.14-alpha": {
          "name": "@types/uuid",
          "version": "3.3.14-alpha",
          "dependencies": {},
          "directories": {},
          "dist": {
            "shasum": "dcda5633e1b054eeb9944d2a46cabf508a91fe25",
            "size": 1479,
            "noattachment": false,
            "tarball": "https://registry.npmmirror.com/@types/uuid/download/@types/uuid-3.3.14-alpha.tgz"
          },
          "_hasShrinkwrap": false,
          "publish_time": 1463512259850
        },
        "3.3.15-alpha": {
          "name": "@types/uuid",
          "version": "3.3.15-alpha",
          "dependencies": {},
          "directories": {},
          "dist": {
            "shasum": "b71da5f3825ca4cbe35be27377be5c78ca87f258",
            "size": 1487,
            "noattachment": false,
            "tarball": "https://registry.npmmirror.com/@types/uuid/download/@types/uuid-3.3.15-alpha.tgz"
          },
          "_hasShrinkwrap": false,
          "publish_time": 1463697565738
        },
        "3.3.20-alpha": {
          "name": "@types/uuid",
          "version": "3.3.20-alpha",
          "dependencies": {},
          "directories": {},
          "dist": {
            "shasum": "e37e352da9ac84f1d29f90f5bb54e05b9d9f6c9c",
            "size": 1480,
            "noattachment": false,
            "tarball": "https://registry.npmmirror.com/@types/uuid/download/@types/uuid-3.3.20-alpha.tgz"
          },
          "_hasShrinkwrap": false,
          "publish_time": 1463777561490
        },
        "3.3.21-alpha": {
          "name": "@types/uuid",
          "version": "3.3.21-alpha",
          "dependencies": {},
          "directories": {},
          "dist": {
            "shasum": "ca241e9ad4f25c788446dc4556a1eff029241fd9",
            "size": 1482,
            "noattachment": false,
            "tarball": "https://registry.npmmirror.com/@types/uuid/download/@types/uuid-3.3.21-alpha.tgz"
          },
          "_hasShrinkwrap": false,
          "publish_time": 1464156468734
        },
        "3.3.22-alpha": {
          "name": "@types/uuid",
          "version": "3.3.22-alpha",
          "dependencies": {},
          "directories": {},
          "dist": {
            "shasum": "27f75dea37e774d86209104d933e7d4666420608",
            "size": 1492,
            "noattachment": false,
            "tarball": "https://registry.npmmirror.com/@types/uuid/download/@types/uuid-3.3.22-alpha.tgz"
          },
          "_hasShrinkwrap": false,
          "publish_time": 1467406123847
        },
        "3.3.23-alpha": {
          "name": "@types/uuid",
          "version": "3.3.23-alpha",
          "dependencies": {},
          "directories": {},
          "dist": {
            "shasum": "b1bb9415f304a9349300f3eee6619617771cdf09",
            "size": 1510,
            "noattachment": false,
            "tarball": "https://registry.npmmirror.com/@types/uuid/download/@types/uuid-3.3.23-alpha.tgz"
          },
          "_hasShrinkwrap": false,
          "publish_time": 1467418477827
        },
        "3.3.24-alpha": {
          "name": "@types/uuid",
          "version": "3.3.24-alpha",
          "dependencies": {},
          "directories": {},
          "dist": {
            "shasum": "8f0655124e04528517ed3ce933f19e3ba4383ad0",
            "size": 1510,
            "noattachment": false,
            "tarball": "https://registry.npmmirror.com/@types/uuid/download/@types/uuid-3.3.24-alpha.tgz"
          },
          "_hasShrinkwrap": false,
          "publish_time": 1467430566283
        },
        "3.3.25-alpha": {
          "name": "@types/uuid",
          "version": "3.3.25-alpha",
          "dependencies": {},
          "directories": {},
          "dist": {
            "shasum": "cc701e2b7527146c1e1793b2498c25cfae482439",
            "size": 1510,
            "noattachment": false,
            "tarball": "https://registry.npmmirror.com/@types/uuid/download/@types/uuid-3.3.25-alpha.tgz"
          },
          "_hasShrinkwrap": false,
          "publish_time": 1467595921151
        },
        "3.3.26-alpha": {
          "name": "@types/uuid",
          "version": "3.3.26-alpha",
          "dependencies": {},
          "directories": {},
          "dist": {
            "shasum": "ebcad1dc623c66636351ff95ce478b9886253b17",
            "size": 1510,
            "noattachment": false,
            "tarball": "https://registry.npmmirror.com/@types/uuid/download/@types/uuid-3.3.26-alpha.tgz"
          },
          "_hasShrinkwrap": false,
          "publish_time": 1468014199620
        },
        "3.3.27": {
          "name": "@types/uuid",
          "version": "3.3.27",
          "dependencies": {},
          "directories": {},
          "dist": {
            "shasum": "e492fccb05724985925dfb38915fb59b48ae1619",
            "size": 1502,
            "noattachment": false,
            "tarball": "https://registry.npmmirror.com/@types/uuid/download/@types/uuid-3.3.27.tgz"
          },
          "_hasShrinkwrap": false,
          "deprecated": "'@types/uuid' is now reserved for typings for npm's 'uuid' package. For 'uuid.js' typings, see '@types/uuidjs'.",
          "publish_time": 1468513186863
        },
        "3.3.28": {
          "name": "@types/uuid",
          "version": "3.3.28",
          "dependencies": {},
          "directories": {},
          "dist": {
            "shasum": "e0ca8f62e667783180b179ed69068586d6fba5cc",
            "size": 1513,
            "noattachment": false,
            "tarball": "https://registry.npmmirror.com/@types/uuid/download/@types/uuid-3.3.28.tgz"
          },
          "_hasShrinkwrap": false,
          "deprecated": "'@types/uuid' is now reserved for typings for npm's 'uuid' package. For 'uuid.js' typings, see '@types/uuidjs'.",
          "publish_time": 1474309035937
        },
        "2.0.29": {
          "name": "@types/uuid",
          "version": "2.0.29",
          "dependencies": {
            "@types/node": "*"
          },
          "peerDependencies": {},
          "directories": {},
          "dist": {
            "shasum": "939a198ab73567f811ab84f670d2be9c25addd41",
            "size": 1270,
            "noattachment": false,
            "tarball": "https://registry.npmmirror.com/@types/uuid/download/@types/uuid-2.0.29.tgz"
          },
          "_hasShrinkwrap": false,
          "publish_time": 1475763063031
        }
      },
      "cachedAt": 1639986150225
    },
    "pkgsStack": [],
    "err": {
      "name": "pnpm",
      "message": "No matching version found for @types/uuid@^17.0.1",
      "code": "ERR_PNPM_NO_MATCHING_VERSION",
      "stack": "pnpm: No matching version found for @types/uuid@^17.0.1\n    at resolveNpm (C:\\Users\\molingran\\AppData\\Roaming\\npm\\node_modules\\pnpm\\dist\\pnpm.cjs:85595:15)\n    at processTicksAndRejections (node:internal/process/task_queues:96:5)\n    at async Object.resolve (C:\\Users\\molingran\\AppData\\Roaming\\npm\\node_modules\\pnpm\\dist\\pnpm.cjs:85779:34)\n    at async run (C:\\Users\\molingran\\AppData\\Roaming\\npm\\node_modules\\pnpm\\dist\\pnpm.cjs:71433:23)"
    }
  }
}